
[29-Oct-2025 16:18:32 UTC] [medidas.php] BODY={"date":"2026-06-04","weight":111,"user_id":16}
[29-Oct-2025 16:21:48 UTC] [medidas.php] BODY={"date":"2025-11-01","weight":155,"user_id":16}
[29-Oct-2025 16:21:48 UTC] [medidas.php] ERROR=SQLSTATE[23000]: Integrity constraint violation: 1062 Duplicate entry '16-2025-11-01' for key 'uq_user_fecha'
[29-Oct-2025 16:24:20 UTC] [medidas.php] BODY={"date":"2025-10-29","weight":124,"user_id":16}
[29-Oct-2025 16:39:05 UTC] [medidas.php] BODY={"fecha":"2026-10-30","peso":122,"user_id":16}
[29-Oct-2025 16:40:03 UTC] [medidas.php] BODY={"fecha":"2025-10-29","peso":123,"user_id":16}
[29-Oct-2025 16:40:11 UTC] [medidas.php] BODY={"fecha":"2025-10-30","peso":129,"user_id":16}
[29-Oct-2025 16:40:19 UTC] [medidas.php] BODY={"fecha":"2025-11-05","peso":255,"user_id":16}
[29-Oct-2025 16:44:25 UTC] [medidas.php] BODY={"fecha":"2025-11-08","peso":121,"user_id":16}
[29-Oct-2025 16:44:25 UTC] [medidas.php] ERROR=SQLSTATE[21S01]: Insert value list does not match column list: 1136 Column count doesn't match value count at row 1
[29-Oct-2025 16:47:45 UTC] [medidas.php] BODY={"fecha":"2025-11-14","peso":57,"user_id":16}
[29-Oct-2025 16:53:26 UTC] [medidas.php] BODY={"fecha":"2025-11-22","peso":125,"user_id":16}
[29-Oct-2025 16:54:58 UTC] [medidas.php] BODY={"fecha":"2025-10-29","peso":100,"user_id":16}
[29-Oct-2025 16:55:04 UTC] [medidas.php] BODY={"fecha":"2025-10-30","peso":99,"user_id":16}
[29-Oct-2025 16:55:09 UTC] [medidas.php] BODY={"fecha":"2025-10-31","peso":95,"user_id":16}
[29-Oct-2025 16:55:17 UTC] [medidas.php] BODY={"fecha":"2025-11-07","peso":89,"user_id":16}
[29-Oct-2025 16:59:28 UTC] [medidas.php] BODY={"fecha":"2025-11-20","peso":100,"user_id":16}
[29-Oct-2025 18:05:45 UTC] [medidas.php] BODY={"fecha":"2025-10-02","peso":1500,"user_id":16}
[29-Oct-2025 18:05:45 UTC] [medidas.php] ERROR=SQLSTATE[23000]: Integrity constraint violation: 4025 CONSTRAINT `records.peso` failed for `emilio_APP_PPS`.`records`
[29-Oct-2025 18:05:54 UTC] [medidas.php] BODY={"fecha":"2025-10-02","peso":140,"user_id":16}
[29-Oct-2025 18:27:40 UTC] [medidas.php] BODY={"fecha":"2025-10-04","peso":99,"user_id":16}
[29-Oct-2025 18:27:58 UTC] [medidas.php] BODY={"fecha":"2027-05-01","peso":155,"user_id":16}
[29-Oct-2025 18:28:39 UTC] [medidas.php] BODY={"fecha":"2025-10-29","peso":120,"user_id":16}
[29-Oct-2025 18:29:37 UTC] [medidas.php] BODY={"fecha":"2025-10-30","peso":122,"user_id":16}
[29-Oct-2025 18:29:47 UTC] [medidas.php] BODY={"fecha":"2025-10-31","peso":121,"user_id":16}
[29-Oct-2025 18:33:48 UTC] [medidas.php] BODY={"fecha":"2025-11-08","peso":300,"user_id":16}
[29-Oct-2025 18:34:02 UTC] [medidas.php] BODY={"fecha":"2025-11-09","peso":69,"user_id":16}
[29-Oct-2025 18:38:30 UTC] [medidas.php] BODY={"fecha":"2025-10-29","peso":100,"user_id":19}
[29-Oct-2025 18:38:49 UTC] [medidas.php] BODY={"fecha":"2025-10-29","peso":90,"user_id":18}
[29-Oct-2025 18:42:41 UTC] [medidas.php] BODY={"fecha":"2025-10-30","peso":125,"user_id":19}
[29-Oct-2025 18:43:12 UTC] [medidas.php] BODY={"fecha":"2027-05-30","peso":135,"user_id":16}
[29-Oct-2025 18:48:51 UTC] [medidas.php] BODY={"fecha":"2025-07-10","peso":100,"user_id":16}
[29-Oct-2025 18:55:50 UTC] [medidas.php] BODY={"fecha":"2028-12-28","peso":5,"user_id":16}
[29-Oct-2025 18:55:50 UTC] [medidas.php] ERROR=SQLSTATE[23000]: Integrity constraint violation: 4025 CONSTRAINT `records.peso` failed for `emilio_APP_PPS`.`records`
[29-Oct-2025 18:55:54 UTC] [medidas.php] BODY={"fecha":"2028-12-28","peso":15,"user_id":16}
[29-Oct-2025 18:55:54 UTC] [medidas.php] ERROR=SQLSTATE[23000]: Integrity constraint violation: 4025 CONSTRAINT `records.peso` failed for `emilio_APP_PPS`.`records`
[29-Oct-2025 18:56:03 UTC] [medidas.php] BODY={"fecha":"2028-12-28","peso":60,"user_id":16}
[29-Oct-2025 18:59:06 UTC] [medidas.php] BODY={"fecha":"2100-10-31","peso":140,"user_id":16}
[29-Oct-2025 18:59:41 UTC] [medidas.php] BODY={"fecha":"2039-06-24","peso":55,"user_id":16}
[29-Oct-2025 19:00:50 UTC] [medidas.php] BODY={"fecha":"2025-10-29","peso":60,"user_id":16}
[29-Oct-2025 19:10:06 UTC] [medidas.php] BODY={"fecha":"2025-11-09","peso":125,"user_id":16}
[29-Oct-2025 19:10:18 UTC] [medidas.php] BODY={"fecha":"2025-12-05","peso":60,"user_id":16}
[29-Oct-2025 19:14:48 UTC] [medidas.php] BODY={"fecha":"2025-11-09","peso":125,"user_id":16}
[29-Oct-2025 19:14:48 UTC] [medidas.php] ERROR=SQLSTATE[23000]: Integrity constraint violation: 1062 Duplicate entry '16-2025-11-09' for key 'uq_user_fecha'
[29-Oct-2025 19:14:55 UTC] [medidas.php] BODY={"fecha":"2025-12-13","peso":125,"user_id":16}
[29-Oct-2025 19:15:07 UTC] [medidas.php] BODY={"fecha":"2025-12-19","peso":80,"user_id":16}
[29-Oct-2025 19:18:06 UTC] [medidas.php] BODY={"fecha":"2026-07-12","peso":180,"user_id":16}
[29-Oct-2025 19:18:19 UTC] [medidas.php] BODY={"fecha":"2027-05-22","peso":60,"user_id":16}
[29-Oct-2025 19:21:23 UTC] [medidas.php] BODY={"fecha":"2025-12-26","peso":55,"user_id":19}
[30-Oct-2025 18:25:09 UTC] [medidas.php] BODY={"fecha":"2025-11-29","peso":122,"user_id":16}
[30-Oct-2025 18:25:36 UTC] [medidas.php] BODY={"fecha":"2030-07-18","peso":115,"user_id":16}
[04-Nov-2025 18:20:45 UTC] [medidas.php] BODY={"fecha":"2025-11-06","peso":175,"altura":1.8,"user_id":21}
[04-Nov-2025 18:21:32 UTC] [medidas.php] BODY={"fecha":"2025-08-05","peso":180,"altura":2,"user_id":21}
[04-Nov-2025 18:22:18 UTC] [medidas.php] BODY={"fecha":"2025-11-30","peso":60,"altura":1.8,"user_id":21}
[04-Nov-2025 18:23:24 UTC] [medidas.php] BODY={"fecha":"2033-11-05","peso":75,"altura":1.8,"user_id":21}
