[27-Oct-2025 19:27:32 UTC] PHP Fatal error:  Uncaught PDOException: SQLSTATE[42S22]: Column not found: 1054 Unknown column 'height_cm' in 'SELECT' in /home/emilio/web/emiliorvntz.alumnosatlantida.es/public_html/apipps/login.php:40
Stack trace:
#0 /home/emilio/web/emiliorvntz.alumnosatlantida.es/public_html/apipps/login.php(40): PDOStatement->execute()
#1 {main}
  thrown in /home/emilio/web/emiliorvntz.alumnosatlantida.es/public_html/apipps/login.php on line 40
[27-Oct-2025 19:28:26 UTC] [login.php] SQLSTATE[42S22]: Column not found: 1054 Unknown column 'height_cm' in 'SELECT'
[27-Oct-2025 19:46:58 UTC] [users.php] SQLSTATE[HY000]: General error: 1906 The value specified for generated column 'email_lower' in table 'users' has been ignored
[27-Oct-2025 19:49:10 UTC] [users.php] SQLSTATE[HY000]: General error: 1906 The value specified for generated column 'email_lower' in table 'users' has been ignored
[27-Oct-2025 19:52:47 UTC] [users.php] SQLSTATE[HY000]: General error: 1906 The value specified for generated column 'email_lower' in table 'users' has been ignored
[27-Oct-2025 19:55:05 UTC] [users.php] SQLSTATE[HY000]: General error: 1906 The value specified for generated column 'email_lower' in table 'users' has been ignored
[27-Oct-2025 19:56:59 UTC] [users.php] SQLSTATE[HY000]: General error: 1906 The value specified for generated column 'email_lower' in table 'users' has been ignored
[27-Oct-2025 19:57:05 UTC] [users.php] SQLSTATE[HY000]: General error: 1906 The value specified for generated column 'email_lower' in table 'users' has been ignored
[28-Oct-2025 10:13:15 UTC] PHP Warning:  Undefined variable $pdo in /home/emilio/web/emiliorvntz.alumnosatlantida.es/public_html/apipps/login.php on line 33
[28-Oct-2025 10:15:32 UTC] PHP Warning:  Undefined variable $pdo in /home/emilio/web/emiliorvntz.alumnosatlantida.es/public_html/apipps/login.php on line 25
[28-Oct-2025 10:17:15 UTC] PHP Warning:  Undefined variable $pdo in /home/emilio/web/emiliorvntz.alumnosatlantida.es/public_html/apipps/login.php on line 33
[28-Oct-2025 10:17:15 UTC] [login.php] Call to a member function prepare() on null
[28-Oct-2025 10:17:46 UTC] PHP Warning:  Undefined variable $pdo in /home/emilio/web/emiliorvntz.alumnosatlantida.es/public_html/apipps/login.php on line 33
[28-Oct-2025 10:17:46 UTC] [login.php] Call to a member function prepare() on null
[28-Oct-2025 10:19:26 UTC] PHP Warning:  Undefined variable $pdo in /home/emilio/web/emiliorvntz.alumnosatlantida.es/public_html/apipps/login.php on line 50
[28-Oct-2025 10:19:26 UTC] [login.php] Call to a member function query() on null
